0 info it worked if it ends with ok
1 verbose cli [ 'C:\\Program Files\\nodejs\\node.exe',
1 verbose cli   'C:\\Program Files\\nodejs\\node_modules\\npm\\bin\\npm-cli.js',
1 verbose cli   'run',
1 verbose cli   'test' ]
2 info using npm@2.14.7
3 info using node@v4.2.2
4 verbose run-script [ 'pretest', 'test', 'posttest' ]
5 info pretest angular-phonecat@0.0.0
6 verbose unsafe-perm in lifecycle true
7 info test angular-phonecat@0.0.0
8 verbose unsafe-perm in lifecycle true
9 info angular-phonecat@0.0.0 Failed to exec test script
10 verbose stack Error: angular-phonecat@0.0.0 test: `node node_modules/karma/bin/karma start test/karma.conf.js`
10 verbose stack Exit status 3221225786
10 verbose stack     at EventEmitter.<anonymous> (C:\Program Files\nodejs\node_modules\npm\lib\utils\lifecycle.js:214:16)
10 verbose stack     at emitTwo (events.js:87:13)
10 verbose stack     at EventEmitter.emit (events.js:172:7)
10 verbose stack     at ChildProcess.<anonymous> (C:\Program Files\nodejs\node_modules\npm\lib\utils\spawn.js:24:14)
10 verbose stack     at emitTwo (events.js:87:13)
10 verbose stack     at ChildProcess.emit (events.js:172:7)
10 verbose stack     at maybeClose (internal/child_process.js:818:16)
10 verbose stack     at Process.ChildProcess._handle.onexit (internal/child_process.js:211:5)
11 verbose pkgid angular-phonecat@0.0.0
12 verbose cwd D:\Angulars\angular-phonecat
13 error Windows_NT 10.0.10586
14 error argv "C:\\Program Files\\nodejs\\node.exe" "C:\\Program Files\\nodejs\\node_modules\\npm\\bin\\npm-cli.js" "run" "test"
15 error node v4.2.2
16 error npm  v2.14.7
17 error code ELIFECYCLE
18 error angular-phonecat@0.0.0 test: `node node_modules/karma/bin/karma start test/karma.conf.js`
18 error Exit status 3221225786
19 error Failed at the angular-phonecat@0.0.0 test script 'node node_modules/karma/bin/karma start test/karma.conf.js'.
19 error This is most likely a problem with the angular-phonecat package,
19 error not with npm itself.
19 error Tell the author that this fails on your system:
19 error     node node_modules/karma/bin/karma start test/karma.conf.js
19 error You can get their info via:
19 error     npm owner ls angular-phonecat
19 error There is likely additional logging output above.
20 verbose exit [ 1, true ]
